[debug] [2024-01-29T09:25:48.733Z] ----------------------------------------------------------------------
[debug] [2024-01-29T09:25:48.736Z] Command:       C:\Program Files\nodejs\node.exe C:\Users\Student\AppData\Roaming\npm\node_modules\firebase-tools\lib\bin\firebase.js init
[debug] [2024-01-29T09:25:48.736Z] CLI Version:   13.1.0
[debug] [2024-01-29T09:25:48.736Z] Platform:      win32
[debug] [2024-01-29T09:25:48.737Z] Node Version:  v20.10.0
[debug] [2024-01-29T09:25:48.737Z] Time:          Mon Jan 29 2024 11:25:48 GMT+0200 (South Africa Standard Time)
[debug] [2024-01-29T09:25:48.737Z] ----------------------------------------------------------------------
[debug] 
[debug] [2024-01-29T09:25:48.810Z] > command requires scopes: ["email","openid","https://www.googleapis.com/auth/cloudplatformprojects.readonly","https://www.googleapis.com/auth/firebase","https://www.googleapis.com/auth/cloud-platform"]
[debug] [2024-01-29T09:25:48.810Z] > authorizing via signed-in user (sivelelenkamane29@gmail.com)
[info] 
     ######## #### ########  ######## ########     ###     ######  ########
     ##        ##  ##     ## ##       ##     ##  ##   ##  ##       ##
     ######    ##  ########  ######   ########  #########  ######  ######
     ##        ##  ##    ##  ##       ##     ## ##     ##       ## ##
     ##       #### ##     ## ######## ########  ##     ##  ######  ########

You're about to initialize a Firebase project in this directory:

  C:\Users\Student\Desktop\vue\profportfolio

Before we get started, keep in mind:

  * You are initializing within an existing Firebase project directory

